<?xml version="1.0" encoding="UTF-8"?>
<testsuite name="com.signavio.pair.GreetingsTest" tests="1" skipped="0" failures="0" errors="0" timestamp="2021-11-26T12:28:26" hostname="W-CDP3VT2" time="0.044">
  <properties/>
  <testcase name="testGreeting_EmptyName_MyFriend()" classname="com.signavio.pair.GreetingsTest" time="0.044"/>
  <system-out><![CDATA[]]></system-out>
  <system-err><![CDATA[]]></system-err>
</testsuite>
